<?xml version='1.0' encoding='UTF-8'?>
<testsuite hostname="Benjamins-MacBook-Pro-2.local" name="de.nierbeck.floating.data.server.TestRestService" tests="1" errors="1" failures="0" time="0.048">
                     <properties>
[...]
</properties>
                     <testcase classname="de.nierbeck.floating.data.server.TestRestService" name="(It is not a test)" time="0.048">
                                                 <error message="All host(s) tried for query failed (tried: localhost/127.0.0.1:9042 (com.datastax.driver.core.exceptions.TransportException: [localhost/127.0.0.1:9042] Cannot connect), localhost/fe80:0:0:0:0:0:0:1%1:9042 (com.datastax.driver.core.exceptions.TransportException: [localhost/fe80:0:0:0:0:0:0:1%1:9042] Cannot connect), localhost/0:0:0:0:0:0:0:1:9042 (com.datastax.driver.core.exceptions.TransportException: [localhost/0:0:0:0:0:0:0:1:9042] Cannot connect))" type="com.datastax.driver.core.exceptions.NoHostAvailableException">com.datastax.driver.core.exceptions.NoHostAvailableException: All host(s) tried for query failed (tried: localhost/127.0.0.1:9042 (com.datastax.driver.core.exceptions.TransportException: [localhost/127.0.0.1:9042] Cannot connect), localhost/fe80:0:0:0:0:0:0:1%1:9042 (com.datastax.driver.core.exceptions.TransportException: [localhost/fe80:0:0:0:0:0:0:1%1:9042] Cannot connect), localhost/0:0:0:0:0:0:0:1:9042 (com.datastax.driver.core.exceptions.TransportException: [localhost/0:0:0:0:0:0:0:1:9042] Cannot connect))
	at com.datastax.driver.core.ControlConnection.reconnectInternal(ControlConnection.java:233)
	at com.datastax.driver.core.ControlConnection.connect(ControlConnection.java:79)
	at com.datastax.driver.core.Cluster$Manager.init(Cluster.java:1473)
	at com.datastax.driver.core.Cluster.getMetadata(Cluster.java:399)
	at de.nierbeck.floating.data.server.CassandraConnector$.connect(CassandraConnector.scala:31)
	at de.nierbeck.floating.data.server.TestRestService.&lt;init&gt;(TestRestService.scala:25)
	at sun.reflect.NativeConstructorAccessorImpl.newInstance0(Native Method)
	at sun.reflect.NativeConstructorAccessorImpl.newInstance(NativeConstructorAccessorImpl.java:62)
	at sun.reflect.DelegatingConstructorAccessorImpl.newInstance(DelegatingConstructorAccessorImpl.java:45)
	at java.lang.reflect.Constructor.newInstance(Constructor.java:423)
	at java.lang.Class.newInstance(Class.java:442)
	at org.scalatest.tools.Framework$ScalaTestTask.execute(Framework.scala:468)
	at sbt.TestRunner.runTest$1(TestFramework.scala:76)
	at sbt.TestRunner.run(TestFramework.scala:85)
	at sbt.TestFramework$$anon$2$$anonfun$$init$$1$$anonfun$apply$8.apply(TestFramework.scala:202)
	at sbt.TestFramework$$anon$2$$anonfun$$init$$1$$anonfun$apply$8.apply(TestFramework.scala:202)
	at sbt.TestFramework$.sbt$TestFramework$$withContextLoader(TestFramework.scala:185)
	at sbt.TestFramework$$anon$2$$anonfun$$init$$1.apply(TestFramework.scala:202)
	at sbt.TestFramework$$anon$2$$anonfun$$init$$1.apply(TestFramework.scala:202)
	at sbt.TestFunction.apply(TestFramework.scala:207)
	at sbt.Tests$$anonfun$9.apply(Tests.scala:216)
	at sbt.Tests$$anonfun$9.apply(Tests.scala:216)
	at sbt.std.Transform$$anon$3$$anonfun$apply$2.apply(System.scala:44)
	at sbt.std.Transform$$anon$3$$anonfun$apply$2.apply(System.scala:44)
	at sbt.std.Transform$$anon$4.work(System.scala:63)
	at sbt.Execute$$anonfun$submit$1$$anonfun$apply$1.apply(Execute.scala:228)
	at sbt.Execute$$anonfun$submit$1$$anonfun$apply$1.apply(Execute.scala:228)
	at sbt.ErrorHandling$.wideConvert(ErrorHandling.scala:17)
	at sbt.Execute.work(Execute.scala:237)
	at sbt.Execute$$anonfun$submit$1.apply(Execute.scala:228)
	at sbt.Execute$$anonfun$submit$1.apply(Execute.scala:228)
	at sbt.ConcurrentRestrictions$$anon$4$$anonfun$1.apply(ConcurrentRestrictions.scala:159)
	at sbt.CompletionService$$anon$2.call(CompletionService.scala:28)
	at java.util.concurrent.FutureTask.run(FutureTask.java:266)
	at java.util.concurrent.Executors$RunnableAdapter.call(Executors.java:511)
	at java.util.concurrent.FutureTask.run(FutureTask.java:266)
	at java.util.concurrent.ThreadPoolExecutor.runWorker(ThreadPoolExecutor.java:1142)
	at java.util.concurrent.ThreadPoolExecutor$Worker.run(ThreadPoolExecutor.java:617)
	at java.lang.Thread.run(Thread.java:745)
</error>
                                               </testcase>
                     <system-out></system-out>
                     <system-err></system-err>
                   </testsuite>